1589611600710	mozrunner::runner	INFO	Running command: "C:\\Program Files\\Mozilla Firefox\\firefox.exe" "-marionette" "-foreground" "-no-remote" "-profile" "C:\\Users\\mcjp2518\\AppData\\Local\\Temp\\rust_mozprofileJZafMr"
1589611609032	addons.webextension.screenshots@mozilla.org	WARN	Loading extension 'screenshots@mozilla.org': Reading manifest: Invalid extension permission: mozillaAddons
1589611609033	addons.webextension.screenshots@mozilla.org	WARN	Loading extension 'screenshots@mozilla.org': Reading manifest: Invalid extension permission: telemetry
1589611609034	addons.webextension.screenshots@mozilla.org	WARN	Loading extension 'screenshots@mozilla.org': Reading manifest: Invalid extension permission: resource://pdf.js/
1589611609035	addons.webextension.screenshots@mozilla.org	WARN	Loading extension 'screenshots@mozilla.org': Reading manifest: Invalid extension permission: about:reader*
JavaScript error: resource:///modules/sessionstore/SessionStore.jsm, line 1325: uncaught exception: 2147746065
JavaScript error: undefined, line 14: Error: An unexpected error occurred
JavaScript error: moz-extension://3223cf75-6fd1-4cfd-a3d9-19a5e58e46f9/lib/picture_in_picture_overrides.js, line 15: Error: Incorrect argument types for pictureInPictureParent.setOverrides.
1589611620829	Marionette	INFO	Listening on port 53167
1589611620887	Marionette	WARN	TLS certificate errors will be ignored for this session
JavaScript warning: https://step2success.in/wp-content/plugins/learnpress/assets/js/frontend/course.js?nocache=1589611622.8413&ver=3.2.5.6, line 244: unreachable code after return statement
JavaScript warning: https://step2success.in/wp-content/plugins/learnpress/assets/js/frontend/course.js?nocache=1589611636.6026&ver=3.2.5.6, line 244: unreachable code after return statement
1589611646865	Marionette	WARN	TimedPromise timed out after 500 ms: stacktrace:
bail@chrome://marionette/content/sync.js:237:64
[Parent 18128, Gecko_IOThread] WARNING: pipe error: 109: file z:/task_1588189409/build/src/ipc/chromium/src/chrome/common/ipc_channel_win.cc, line 348
[Parent 18128, Gecko_IOThread] WARNING: pipe error: 109: file z:/task_1588189409/build/src/ipc/chromium/src/chrome/common/ipc_channel_win.cc, line 348
[Child 21136, Chrome_ChildThread] WARNING: pipe error: 109: file z:/task_1588189409/build/src/ipc/chromium/src/chrome/common/ipc_channel_win.cc, line 348
[Child 21136, Chrome_ChildThread] WARNING: pipe error: 109: fil1589611664374	Marionette	INFO	Stopped listening on port 53167

###!!! [Child][RunMessage] Error: Channel closing: too late to send/recv, messages will be lost


###!!! [Child][MessageChannel::SendAndWait] Error: Channel error: cannot send/recv

JavaScript error: resource://gre/modules/osfile/osfile_async_front.jsm, line 426: Error: OS.File has been shut down. Rejecting post to stat
1589611676257	mozrunner::runner	INFO	Running command: "C:\\Program Files\\Mozilla Firefox\\firefox.exe" "-marionette" "-headless" "-foreground" "-no-remote" "-profile" "C:\\Users\\mcjp2518\\AppData\\Local\\Temp\\rust_mozprofileDwX63h"
*** You are running in headless mode.
1589611678782	addons.webextension.screenshots@mozilla.org	WARN	Loading extension 'screenshots@mozilla.org': Reading manifest: Invalid extension permission: mozillaAddons
1589611678783	addons.webextension.screenshots@mozilla.org	WARN	Loading extension 'screenshots@mozilla.org': Reading manifest: Invalid extension permission: telemetry
1589611678783	addons.webextension.screenshots@mozilla.org	WARN	Loading extension 'screenshots@mozilla.org': Reading manifest: Invalid extension permission: resource://pdf.js/
1589611678784	addons.webextension.screenshots@mozilla.org	WARN	Loading extension 'screenshots@mozilla.org': Reading manifest: Invalid extension permission: about:reader*
JavaScript error: resource:///modules/sessionstore/SessionStore.jsm, line 1325: uncaught exception: 2147746065
[Parent 9712, Gecko_IOThread] WARNING: pipe error: 109: file z:/task_1588189409/build/src/ipc/chromium/src/chrome/common/ipc_channel_win.cc, line 348
[Child 772, Chrome_ChildThread] WARNING: pipe error: 109: file z:/task_1588189409/build/src/ipc/chromium/src/chrome/common/ipc_channel_win.cc, line 348
[Child 772, Chrome_ChildThread] WARNING: pipe error: 109: file z:/task_1588189409/build/src/ipc/chromium/src/chrome/common/ipc_channel_win.cc, line 348
JavaScript error: undefined, line 14: Error: An unexpected error occurred
JavaScript error: moz-extension://827a864b-4752-435f-a9e4-bd88af0cd8e8/lib/picture_in_picture_overrides.js, line 15: Error: Incorrect argument types for pictureInPictureParent.setOverrides.
1589611687512	Marionette	INFO	Listening on port 53252
1589611687885	Marionette	WARN	TLS certificate errors will be ignored for this session
JavaScript warning: https://step2success.in/wp-content/plugins/learnpress/assets/js/frontend/course.js?nocache=1589611692.7694&ver=3.2.5.6, line 244: unreachable code after return statement
JavaScript warning: https://step2success.in/wp-content/plugins/learnpress/assets/js/frontend/course.js?nocache=1589611704.5046&ver=3.2.5.6, line 244: unreachable code after return statement
1589611711737	Marionette	WARN	TimedPromise timed out after 500 ms: stacktrace:
bail@chrome://marionette/content/sync.js:237:64
JavaScript error: , line 0: NS_ERROR_FAILURE
JavaScript error: , line 0: NS_ERROR_FAILURE
JavaScript error: , line 0: NS_ERROR_FAILURE
JavaScript error: , line 0: NS_ERROR_FAILURE
JavaScript error: , line 0: NS_ERROR_FAILURE
JavaScript error: , line 0: NS_ERROR_FAILURE
JavaScript error: , line 0: NS_ERROR_FAILURE
JavaScript error: , line 0: NS_ERROR_FAILURE
JavaScript error: , line 0: NS_ERROR_FAILURE
JavaScript error: , line 0: NS_ERROR_FAILURE
JavaScript error: , line 0: NS_ERROR_FAILURE
JavaScript error: , line 0: NS_ERROR_FAILURE
JavaScript error: , line 0: NS_ERROR_FAILURE
JavaScript error: , line 0: NS_ERROR_FAILURE
JavaScript error: , line 0: NS_ERROR_FAILURE
JavaScript error: , line 0: NS_ERROR_FAILURE
JavaScript error: , line 0: NS_ERROR_FAILURE
JavaScript error: , line 0: NS_ERROR_FAILURE
JavaScript error: , line 0: NS_ERROR_FAILURE
JavaScript error: , line 0: NS_ERROR_FAILURE
JavaScript error: , line 0: NS_ERROR_FAILURE
JavaScript error: , line 0: NS_ERROR_FAILURE
JavaScript error: , line 0: NS_ERROR_FAILURE
JavaScript error: , line 0: NS_ERROR_FAILURE
JavaScript error: , line 0: NS_ERROR_FAILURE
JavaScript error: , line 0: NS_ERROR_FAILURE
JavaScript error: , line 0: NS_ERROR_FAILURE
JavaScript error: , line 0: NS_ERROR_FAILURE
JavaScript error: , line 0: NS_ERROR_FAILURE
JavaScript error: , line 0: NS_ERROR_FAILURE
JavaScript error: , line 0: NS_ERROR_FAILURE
JavaScript error: , line 0: NS_ERROR_FAILURE
JavaScript error: , line 0: NS_ERROR_FAILURE
JavaScript error: , line 0: NS_ERROR_FAILURE
JavaScript error: , line 0: NS_ERROR_FAILURE
JavaScript error: , line 0: NS_ERROR_FAILURE
JavaScript error: , line 0: NS_ERROR_FAILURE
JavaScript error: , line 0: NS_ERROR_FAILURE
JavaScript error: , line 0: NS_ERROR_FAILURE
JavaScript error: , line 0: NS_ERROR_FAILURE
JavaScript error: , line 0: NS_ERROR_FAILURE
JavaScript error: , line 0: NS_ERROR_FAILURE
JavaScript error: , line 0: NS_ERROR_FAILURE
JavaScript error: , line 0: NS_ERROR_FAILURE
JavaScript error: , line 0: NS_ERROR_FAILURE
JavaScript error: , line 0: NS_ERROR_FAILURE
JavaScript error: , line 0: NS_ERROR_FAILURE
JavaScript error: , line 0: NS_ERROR_FAILURE
JavaScript error: , line 0: NS_ERROR_FAILURE
JavaScript error: , line 0: NS_ERROR_FAILURE
JavaScript error: , line 0: NS_ERROR_FAILURE
JavaScript error: , line 0: NS_ERROR_FAILURE
JavaScript error: , line 0: NS_ERROR_FAILURE
