1589400960875	mozrunner::runner	INFO	Running command: "C:\\Program Files\\Mozilla Firefox\\firefox.exe" "-marionette" "-foreground" "-no-remote" "-profile" "C:\\Users\\mcjp2518\\AppData\\Local\\Temp\\rust_mozprofilei4tsJl"
1589400967072	addons.webextension.screenshots@mozilla.org	WARN	Loading extension 'screenshots@mozilla.org': Reading manifest: Invalid extension permission: mozillaAddons
1589400967072	addons.webextension.screenshots@mozilla.org	WARN	Loading extension 'screenshots@mozilla.org': Reading manifest: Invalid extension permission: telemetry
1589400967073	addons.webextension.screenshots@mozilla.org	WARN	Loading extension 'screenshots@mozilla.org': Reading manifest: Invalid extension permission: resource://pdf.js/
1589400967074	addons.webextension.screenshots@mozilla.org	WARN	Loading extension 'screenshots@mozilla.org': Reading manifest: Invalid extension permission: about:reader*
JavaScript error: undefined, line 14: Error: An unexpected error occurred
JavaScript error: moz-extension://6f4799e0-c01d-4486-9208-bc072e878809/lib/picture_in_picture_overrides.js, line 15: Error: Incorrect argument types for pictureInPictureParent.setOverrides.
JavaScript error: resource:///modules/sessionstore/SessionStore.jsm, line 1325: uncaught exception: 2147746065
1589400974717	Marionette	INFO	Listening on port 58917
1589400975300	Marionette	WARN	TLS certificate errors will be ignored for this session
[Parent 12388, Gecko_IOThread] WARNING: pipe error: 109: file z:/task_1588189409/build/src/ipc/chromium/src/chrome/common/ipc_channel_win.cc, line 348
[Parent 12388, Gecko_IOThread] WARNING: pipe error: 109: file z:/task_1588189409/build/src/ipc/chromium/src/chrome/common/ipc_channel_win.cc, line 348
1589401040345	Marionette	INFO	Stopped listening on port 58917

###!!! [Child][RunMessage] Error: Channel closing: too late to send/recv, messages will be lost

[GPU 10028, Chrome_ChildThread] WARNING: pipe error: 109: file z:/task_1588189409/build/src/ipc/ch
###!!! [Child][MessageChannel::SendAndWait] Error: Channel error: cannot send/recv

1589441033985	mozrunner::runner	INFO	Running command: "C:\\Program Files\\Mozilla Firefox\\firefox.exe" "-marionette" "-foreground" "-no-remote" "-profile" "C:\\Users\\mcjp2518\\AppData\\Local\\Temp\\rust_mozprofile41fO8J"
1589441035500	addons.webextension.screenshots@mozilla.org	WARN	Loading extension 'screenshots@mozilla.org': Reading manifest: Invalid extension permission: mozillaAddons
1589441035500	addons.webextension.screenshots@mozilla.org	WARN	Loading extension 'screenshots@mozilla.org': Reading manifest: Invalid extension permission: telemetry
1589441035501	addons.webextension.screenshots@mozilla.org	WARN	Loading extension 'screenshots@mozilla.org': Reading manifest: Invalid extension permission: resource://pdf.js/
1589441035501	addons.webextension.screenshots@mozilla.org	WARN	Loading extension 'screenshots@mozilla.org': Reading manifest: Invalid extension permission: about:reader*
JavaScript error: resource:///modules/sessionstore/SessionStore.jsm, line 1325: uncaught exception: 2147746065
JavaScript error: undefined, line 14: Error: An unexpected error occurred
JavaScript error: moz-extension://ac641fa3-ff7a-4fa7-a1e5-ba9b923431be/lib/picture_in_picture_overrides.js, line 15: Error: Incorrect argument types for pictureInPictureParent.setOverrides.
1589441040774	Marionette	INFO	Listening on port 49897
1589441041034	Marionette	WARN	TLS certificate errors will be ignored for this session
JavaScript warning: https://step2success.in/wp-content/plugins/learnpress/assets/js/frontend/course.js?nocache=1589441043.3388&ver=3.2.5.6, line 244: unreachable code after return statement
JavaScript warning: https://step2success.in/wp-content/plugins/learnpress/assets/js/frontend/course.js?nocache=1589441052.0273&ver=3.2.5.6, line 244: unreachable code after return statement
[Parent 11696, Gecko_IOThread] WARNING: pipe error: 109: file z:/task_1588189409/build/src/ipc/chromium/src/chrome/common/ipc_channel_win.cc, line 348
[Parent 11696, Gecko_IOThread] WARNING: pipe error: 109: file z:/task_1588189409/build/src/ipc/chromium/src/chrome/common/ipc_channel_win.cc, line 348
[Parent 11696, Gecko_IOThread] WARNING: pipe error: 109: file z:/task_1588189409/build/src/ipc/chromium/src/chrome/common/ipc_channel_win.cc, line 348
[Child 13620, Chrome_ChildThread] WARNING: pipe error: 109: file z:/task_1588189409/build/src/ipc/chromium/src/chrome/common/ipc_channel_win.cc, line 348
[Chi1589441459380	Marionette	INFO	Stopped listening on port 49897

###!!! [Child][RunMessage] Error: Channel closing: too late to send/recv, messages will be lost


###!!! [Child][MessageChannel::SendAndWait] Error: Channel error: cannot send/recv

lid extension permission: about:reader*
JavaScript error: resource:///modules/sessionstore/SessionStore.jsm, line 1325: uncaught exception: 2147746065
JavaScript error: undefined, line 14: Error: An unexpected error occurred
JavaScript error: moz-extension://ab2674fc-7e02-4429-91f9-0a85c48fc764/lib/picture_in_picture_overrides.js, line 15: Error: Incorrect argument types for pictureInPictureParent.setOverrides.
1589441287308	Marionette	INFO	Listening on port 50052
1589441287536	Marionette	WARN	TLS certificate errors will be ignored for this session
JavaScript warning: https://step2success.in/wp-content/plugins/learnpress/assets/js/frontend/course.js?nocache=1589441290.1649&ver=3.2.5.6, line 244: unreachable code after return statement
JavaScript warning: https://step2success.in/wp-content/plugins/learnpress/assets/js/frontend/course.js?nocache=1589441304.9172&ver=3.2.5.6, line 244: unreachable code after return statement
1589441312453	Marionette	WARN	TimedPromise timed out after 500 ms: stacktrace:
bail@chrome://marionette/content/sync.js:237:64
1589441452986	Marionette	INFO	Stopped listening on port 50052

###!!! [Child][RunMessage] Error: Channel closing: too late to send/recv, messages will be lost


###!!! [Child][MessageChannel::SendAndWait] Error: Channel error: cannot send/recv

1589441487155	mozrunner::runner	INFO	Running command: "C:\\Program Files\\Mozilla Firefox\\firefox.exe" "-marionette" "-foreground" "-no-remote" "-profile" "C:\\Users\\mcjp2518\\AppData\\Local\\Temp\\rust_mozprofilen5QMvu"
1589441488681	addons.webextension.screenshots@mozilla.org	WARN	Loading extension 'screenshots@mozilla.org': Reading manifest: Invalid extension permission: mozillaAddons
1589441488682	addons.webextension.screenshots@mozilla.org	WARN	Loading extension 'screenshots@mozilla.org': Reading manifest: Invalid extension permission: telemetry
1589441488682	addons.webextension.screenshots@mozilla.org	WARN	Loading extension 'screenshots@mozilla.org': Reading manifest: Invalid extension permission: resource://pdf.js/
1589441488683	addons.webextension.screenshots@mozilla.org	WARN	Loading extension 'screenshots@mozilla.org': Reading manifest: Invalid extension permission: about:reader*
JavaScript error: resource:///modules/sessionstore/SessionStore.jsm, line 1325: uncaught exception: 2147746065
JavaScript error: undefined, line 14: Error: An unexpected error occurred
JavaScript error: moz-extension://ae8b5b34-0a59-4482-8ab1-2bc2b7b8df78/lib/picture_in_picture_overrides.js, line 15: Error: Incorrect argument types for pictureInPictureParent.setOverrides.
1589441493978	Marionette	INFO	Listening on port 50193
1589441494371	Marionette	WARN	TLS certificate errors will be ignored for this session
JavaScript warning: https://step2success.in/wp-content/plugins/learnpress/assets/js/frontend/course.js?nocache=1589441496.9188&ver=3.2.5.6, line 244: unreachable code after return statement
JavaScript warning: https://step2success.in/wp-content/plugins/learnpress/assets/js/frontend/course.js?nocache=1589441512.2692&ver=3.2.5.6, line 244: unreachable code after return statement
1589441518940	Marionette	WARN	TimedPromise timed out after 500 ms: stacktrace:
bail@chrome://marionette/content/sync.js:237:64
[Parent 15716, Gecko_IOThread] WARNING: pipe error: 109: file z:/task_1588189409/build/src/ipc/chromium/src/chrome/common/ipc_channel_win.cc, line 348
[Parent 15716, Gecko_IOThread] WARNING: pipe error: 109: file z:/task_1588189409/build/src/ipc/chromium/src/chrome/common/ipc_channel_win.cc, line 348
[Parent 15716, Gecko_IOThread] WARNING: pipe error: 109: file z:/task_1588189409/build/src/ipc/chromium/src/chrome/common/ipc_channel_win.cc, line 348
1589441612688	Marionette	INFO	Stopped listening on port 50193
[GPU 17364, Chrome_ChildThread] WARNING: pipe error: 109: file z:/task_1588189409/build/src/ipc/chromium/src/chrome/
###!!! [Child][MessageChannel::SendAndWait] Error: Channel error: cannot send/recv

1589441645718	mozrunner::runner	INFO	Running command: "C:\\Program Files\\Mozilla Firefox\\firefox.exe" "-marionette" "-headless" "-foreground" "-no-remote" "-profile" "C:\\Users\\mcjp2518\\AppData\\Local\\Temp\\rust_mozprofile193k6Q"
*** You are running in headless mode.
1589441647021	addons.webextension.screenshots@mozilla.org	WARN	Loading extension 'screenshots@mozilla.org': Reading manifest: Invalid extension permission: mozillaAddons
1589441647021	addons.webextension.screenshots@mozilla.org	WARN	Loading extension 'screenshots@mozilla.org': Reading manifest: Invalid extension permission: telemetry
1589441647021	addons.webextension.screenshots@mozilla.org	WARN	Loading extension 'screenshots@mozilla.org': Reading manifest: Invalid extension permission: resource://pdf.js/
1589441647022	addons.webextension.screenshots@mozilla.org	WARN	Loading extension 'screenshots@mozilla.org': Reading manifest: Invalid extension permission: about:reader*
JavaScript error: undefined, line 14: Error: An unexpected error occurred
JavaScript error: resource:///modules/sessionstore/SessionStore.jsm, line 1325: uncaught exception: 2147746065
JavaScript error: moz-extension://29ef3354-2e66-4e65-b25e-fe9598326fc7/lib/picture_in_picture_overrides.js, line 15: Error: Incorrect argument types for pictureInPictureParent.setOverrides.
1589441652019	Marionette	INFO	Listening on port 50361
1589441652283	Marionette	WARN	TLS certificate errors will be ignored for this session
JavaScript warning: https://step2success.in/wp-content/plugins/learnpress/assets/js/frontend/course.js?nocache=1589441654.4773&ver=3.2.5.6, line 244: unreachable code after return statement
A content process crashed and MOZ_CRASHREPORTER_SHUTDOWN is set, shutting down
[Parent 15600, Gecko_IOThread] WARNING: pipe error: 232: file z:/task_1588189409/build/src/ipc/chromium/src/chrome/common/ipc_channel_win.cc, line 509

###!!! [Parent][MessageChannel] Error: (msgtype=0x350119,name=PContent::Msg_AsyncMessage) Channel error: cannot send/recv


###!!! [Parent][MessageChannel] Error: (msgtype=0x350119,name=PContent::Msg_AsyncMessage) Channel error: cannot send/recv


###!!! [Parent][MessageChannel] Error: (msgtype=0x350119,name=PContent::Msg_AsyncMessage) Channel error: cannot send/recv


###!!! [Parent][MessageChannel] Error: (msgtype=0x350119,name=PContent::Msg_AsyncMessage) Channel error: cannot send/recv


###!!! [Parent][MessageChannel] Error: (msgtype=0x350119,name=PContent::Msg_AsyncMessage) Channel error: cannot send/recv

